<?xml version="1.0" encoding="UTF-8"?>
<!-- Generated by org.testng.reporters.JUnitReportReporter -->
<testsuite hostname="JAIDAA" failures="0" tests="1" name="src.ShoppingCartValidation" time="89.803" errors="0" timestamp="2023-09-14T14:33:18 IDT" skipped="0">
  <testcase classname="src.ShoppingCartValidation" name="testLoginWithMultipleUsers" time="89.803"/>
</testsuite> <!-- src.ShoppingCartValidation -->
